{"/Users/avigoldman/src/projects/isomorphic-actions/isomorphic-actions/build/babel/client.js": {"path":"/Users/avigoldman/src/projects/isomorphic-actions/isomorphic-actions/build/babel/client.js","statementMap":{"0":{"start":{"line":13,"column":13},"end":{"line":13,"column":40}},"1":{"start":{"line":14,"column":30},"end":{"line":14,"column":57}},"2":{"start":{"line":17,"column":21},"end":{"line":17,"column":36}},"3":{"start":{"line":18,"column":2},"end":{"line":23,"column":3}},"4":{"start":{"line":19,"column":17},"end":{"line":19,"column":37}},"5":{"start":{"line":20,"column":4},"end":{"line":22,"column":12}},"6":{"start":{"line":25,"column":2},"end":{"line":30,"column":3}},"7":{"start":{"line":26,"column":17},"end":{"line":26,"column":39}},"8":{"start":{"line":27,"column":4},"end":{"line":29,"column":12}},"9":{"start":{"line":32,"column":2},"end":{"line":34,"column":3}},"10":{"start":{"line":33,"column":4},"end":{"line":33,"column":15}},"11":{"start":{"line":36,"column":2},"end":{"line":38,"column":10}},"12":{"start":{"line":42,"column":12},"end":{"line":42,"column":51}},"13":{"start":{"line":43,"column":2},"end":{"line":43,"column":34}},"14":{"start":{"line":47,"column":2},"end":{"line":49,"column":3}},"15":{"start":{"line":48,"column":4},"end":{"line":48,"column":10}},"16":{"start":{"line":51,"column":16},"end":{"line":51,"column":30}},"17":{"start":{"line":52,"column":2},"end":{"line":54,"column":3}},"18":{"start":{"line":53,"column":4},"end":{"line":53,"column":25}},"19":{"start":{"line":58,"column":16},"end":{"line":58,"column":35}},"20":{"start":{"line":59,"column":2},"end":{"line":61,"column":3}},"21":{"start":{"line":60,"column":4},"end":{"line":60,"column":25}},"22":{"start":{"line":65,"column":16},"end":{"line":65,"column":33}},"23":{"start":{"line":66,"column":2},"end":{"line":68,"column":3}},"24":{"start":{"line":67,"column":4},"end":{"line":67,"column":25}},"25":{"start":{"line":71,"column":0},"end":{"line":219,"column":1}},"26":{"start":{"line":72,"column":2},"end":{"line":218,"column":3}},"27":{"start":{"line":76,"column":10},"end":{"line":76,"column":40}},"28":{"start":{"line":77,"column":10},"end":{"line":77,"column":32}},"29":{"start":{"line":80,"column":23},"end":{"line":80,"column":33}},"30":{"start":{"line":81,"column":22},"end":{"line":81,"column":23}},"31":{"start":{"line":84,"column":12},"end":{"line":86,"column":13}},"32":{"start":{"line":85,"column":14},"end":{"line":85,"column":20}},"33":{"start":{"line":88,"column":26},"end":{"line":88,"column":40}},"34":{"start":{"line":89,"column":12},"end":{"line":92,"column":13}},"35":{"start":{"line":90,"column":14},"end":{"line":90,"column":21}},"36":{"start":{"line":91,"column":14},"end":{"line":91,"column":27}},"37":{"start":{"line":97,"column":26},"end":{"line":97,"column":45}},"38":{"start":{"line":98,"column":12},"end":{"line":114,"column":13}},"39":{"start":{"line":104,"column":14},"end":{"line":104,"column":21}},"40":{"start":{"line":106,"column":14},"end":{"line":113,"column":15}},"41":{"start":{"line":110,"column":16},"end":{"line":110,"column":40}},"42":{"start":{"line":112,"column":16},"end":{"line":112,"column":29}},"43":{"start":{"line":118,"column":26},"end":{"line":118,"column":43}},"44":{"start":{"line":119,"column":12},"end":{"line":128,"column":13}},"45":{"start":{"line":120,"column":14},"end":{"line":120,"column":21}},"46":{"start":{"line":121,"column":14},"end":{"line":121,"column":27}},"47":{"start":{"line":122,"column":14},"end":{"line":127,"column":15}},"48":{"start":{"line":126,"column":16},"end":{"line":126,"column":40}},"49":{"start":{"line":137,"column":10},"end":{"line":150,"column":25}},"50":{"start":{"line":138,"column":13},"end":{"line":138,"column":33}},"51":{"start":{"line":139,"column":12},"end":{"line":139,"column":21}},"52":{"start":{"line":141,"column":12},"end":{"line":149,"column":14}},"53":{"start":{"line":154,"column":8},"end":{"line":156,"column":9}},"54":{"start":{"line":155,"column":10},"end":{"line":155,"column":16}},"55":{"start":{"line":158,"column":29},"end":{"line":167,"column":12}},"56":{"start":{"line":160,"column":12},"end":{"line":163,"column":13}},"57":{"start":{"line":166,"column":12},"end":{"line":166,"column":56}},"58":{"start":{"line":170,"column":8},"end":{"line":172,"column":9}},"59":{"start":{"line":171,"column":10},"end":{"line":171,"column":16}},"60":{"start":{"line":174,"column":27},"end":{"line":174,"column":36}},"61":{"start":{"line":176,"column":8},"end":{"line":178,"column":9}},"62":{"start":{"line":177,"column":10},"end":{"line":177,"column":16}},"63":{"start":{"line":180,"column":8},"end":{"line":182,"column":9}},"64":{"start":{"line":181,"column":10},"end":{"line":181,"column":16}},"65":{"start":{"line":184,"column":21},"end":{"line":184,"column":40}},"66":{"start":{"line":185,"column":25},"end":{"line":185,"column":56}},"67":{"start":{"line":186,"column":25},"end":{"line":186,"column":49}},"68":{"start":{"line":187,"column":25},"end":{"line":187,"column":44}},"69":{"start":{"line":190,"column":8},"end":{"line":208,"column":9}}},"fnMap":{"0":{"name":"getIdentifier","decl":{"start":{"line":16,"column":9},"end":{"line":16,"column":22}},"loc":{"start":{"line":16,"column":29},"end":{"line":39,"column":1}},"line":16},"1":{"name":"isIdentifierReferenced","decl":{"start":{"line":41,"column":9},"end":{"line":41,"column":31}},"loc":{"start":{"line":41,"column":39},"end":{"line":44,"column":1}},"line":41},"2":{"name":"markVariable","decl":{"start":{"line":46,"column":9},"end":{"line":46,"column":21}},"loc":{"start":{"line":46,"column":35},"end":{"line":55,"column":1}},"line":46},"3":{"name":"markFunction","decl":{"start":{"line":57,"column":9},"end":{"line":57,"column":21}},"loc":{"start":{"line":57,"column":35},"end":{"line":62,"column":1}},"line":57},"4":{"name":"markImport","decl":{"start":{"line":64,"column":9},"end":{"line":64,"column":19}},"loc":{"start":{"line":64,"column":33},"end":{"line":69,"column":1}},"line":64},"5":{"name":"(anonymous_5)","decl":{"start":{"line":71,"column":17},"end":{"line":71,"column":18}},"loc":{"start":{"line":71,"column":35},"end":{"line":219,"column":1}},"line":71},"6":{"name":"(anonymous_6)","decl":{"start":{"line":75,"column":8},"end":{"line":75,"column":9}},"loc":{"start":{"line":75,"column":27},"end":{"line":78,"column":9}},"line":75},"7":{"name":"(anonymous_7)","decl":{"start":{"line":79,"column":8},"end":{"line":79,"column":9}},"loc":{"start":{"line":79,"column":27},"end":{"line":151,"column":9}},"line":79},"8":{"name":"sweepVariable","decl":{"start":{"line":83,"column":19},"end":{"line":83,"column":32}},"loc":{"start":{"line":83,"column":39},"end":{"line":93,"column":11}},"line":83},"9":{"name":"sweepFunction","decl":{"start":{"line":95,"column":19},"end":{"line":95,"column":32}},"loc":{"start":{"line":96,"column":18},"end":{"line":115,"column":11}},"line":96},"10":{"name":"sweepImport","decl":{"start":{"line":117,"column":19},"end":{"line":117,"column":30}},"loc":{"start":{"line":117,"column":37},"end":{"line":129,"column":11}},"line":117},"11":{"name":"(anonymous_11)","decl":{"start":{"line":153,"column":6},"end":{"line":153,"column":7}},"loc":{"start":{"line":153,"column":37},"end":{"line":168,"column":7}},"line":153},"12":{"name":"(anonymous_12)","decl":{"start":{"line":159,"column":18},"end":{"line":159,"column":19}},"loc":{"start":{"line":159,"column":33},"end":{"line":164,"column":11}},"line":159},"13":{"name":"(anonymous_13)","decl":{"start":{"line":165,"column":19},"end":{"line":165,"column":20}},"loc":{"start":{"line":165,"column":34},"end":{"line":167,"column":11}},"line":165},"14":{"name":"(anonymous_14)","decl":{"start":{"line":169,"column":6},"end":{"line":169,"column":7}},"loc":{"start":{"line":169,"column":34},"end":{"line":209,"column":7}},"line":169}},"branchMap":{"0":{"loc":{"start":{"line":18,"column":2},"end":{"line":23,"column":3}},"type":"if","locations":[{"start":{"line":18,"column":2},"end":{"line":23,"column":3}},{"start":{"line":18,"column":2},"end":{"line":23,"column":3}}],"line":18},"1":{"loc":{"start":{"line":20,"column":11},"end":{"line":22,"column":12}},"type":"cond-expr","locations":[{"start":{"line":21,"column":8},"end":{"line":21,"column":12}},{"start":{"line":22,"column":8},"end":{"line":22,"column":12}}],"line":20},"2":{"loc":{"start":{"line":25,"column":2},"end":{"line":30,"column":3}},"type":"if","locations":[{"start":{"line":25,"column":2},"end":{"line":30,"column":3}},{"start":{"line":25,"column":2},"end":{"line":30,"column":3}}],"line":25},"3":{"loc":{"start":{"line":27,"column":11},"end":{"line":29,"column":12}},"type":"cond-expr","locations":[{"start":{"line":28,"column":8},"end":{"line":28,"column":12}},{"start":{"line":29,"column":8},"end":{"line":29,"column":12}}],"line":27},"4":{"loc":{"start":{"line":32,"column":2},"end":{"line":34,"column":3}},"type":"if","locations":[{"start":{"line":32,"column":2},"end":{"line":34,"column":3}},{"start":{"line":32,"column":2},"end":{"line":34,"column":3}}],"line":32},"5":{"loc":{"start":{"line":36,"column":9},"end":{"line":38,"column":10}},"type":"cond-expr","locations":[{"start":{"line":37,"column":6},"end":{"line":37,"column":20}},{"start":{"line":38,"column":6},"end":{"line":38,"column":10}}],"line":36},"6":{"loc":{"start":{"line":36,"column":9},"end":{"line":36,"column":59}},"type":"binary-expr","locations":[{"start":{"line":36,"column":9},"end":{"line":36,"column":21}},{"start":{"line":36,"column":25},"end":{"line":36,"column":59}}],"line":36},"7":{"loc":{"start":{"line":43,"column":9},"end":{"line":43,"column":34}},"type":"binary-expr","locations":[{"start":{"line":43,"column":9},"end":{"line":43,"column":18}},{"start":{"line":43,"column":22},"end":{"line":43,"column":34}}],"line":43},"8":{"loc":{"start":{"line":47,"column":2},"end":{"line":49,"column":3}},"type":"if","locations":[{"start":{"line":47,"column":2},"end":{"line":49,"column":3}},{"start":{"line":47,"column":2},"end":{"line":49,"column":3}}],"line":47},"9":{"loc":{"start":{"line":52,"column":2},"end":{"line":54,"column":3}},"type":"if","locations":[{"start":{"line":52,"column":2},"end":{"line":54,"column":3}},{"start":{"line":52,"column":2},"end":{"line":54,"column":3}}],"line":52},"10":{"loc":{"start":{"line":59,"column":2},"end":{"line":61,"column":3}},"type":"if","locations":[{"start":{"line":59,"column":2},"end":{"line":61,"column":3}},{"start":{"line":59,"column":2},"end":{"line":61,"column":3}}],"line":59},"11":{"loc":{"start":{"line":59,"column":6},"end":{"line":59,"column":58}},"type":"binary-expr","locations":[{"start":{"line":59,"column":6},"end":{"line":59,"column":11}},{"start":{"line":59,"column":15},"end":{"line":59,"column":25}},{"start":{"line":59,"column":29},"end":{"line":59,"column":58}}],"line":59},"12":{"loc":{"start":{"line":66,"column":2},"end":{"line":68,"column":3}},"type":"if","locations":[{"start":{"line":66,"column":2},"end":{"line":68,"column":3}},{"start":{"line":66,"column":2},"end":{"line":68,"column":3}}],"line":66},"13":{"loc":{"start":{"line":84,"column":12},"end":{"line":86,"column":13}},"type":"if","locations":[{"start":{"line":84,"column":12},"end":{"line":86,"column":13}},{"start":{"line":84,"column":12},"end":{"line":86,"column":13}}],"line":84},"14":{"loc":{"start":{"line":89,"column":12},"end":{"line":92,"column":13}},"type":"if","locations":[{"start":{"line":89,"column":12},"end":{"line":92,"column":13}},{"start":{"line":89,"column":12},"end":{"line":92,"column":13}}],"line":89},"15":{"loc":{"start":{"line":89,"column":16},"end":{"line":89,"column":65}},"type":"binary-expr","locations":[{"start":{"line":89,"column":16},"end":{"line":89,"column":31}},{"start":{"line":89,"column":35},"end":{"line":89,"column":65}}],"line":89},"16":{"loc":{"start":{"line":98,"column":12},"end":{"line":114,"column":13}},"type":"if","locations":[{"start":{"line":98,"column":12},"end":{"line":114,"column":13}},{"start":{"line":98,"column":12},"end":{"line":114,"column":13}}],"line":98},"17":{"loc":{"start":{"line":99,"column":14},"end":{"line":102,"column":44}},"type":"binary-expr","locations":[{"start":{"line":99,"column":14},"end":{"line":99,"column":19}},{"start":{"line":100,"column":14},"end":{"line":100,"column":24}},{"start":{"line":101,"column":14},"end":{"line":101,"column":29}},{"start":{"line":102,"column":14},"end":{"line":102,"column":44}}],"line":99},"18":{"loc":{"start":{"line":106,"column":14},"end":{"line":113,"column":15}},"type":"if","locations":[{"start":{"line":106,"column":14},"end":{"line":113,"column":15}},{"start":{"line":106,"column":14},"end":{"line":113,"column":15}}],"line":106},"19":{"loc":{"start":{"line":107,"column":16},"end":{"line":108,"column":55}},"type":"binary-expr","locations":[{"start":{"line":107,"column":16},"end":{"line":107,"column":57}},{"start":{"line":108,"column":16},"end":{"line":108,"column":55}}],"line":107},"20":{"loc":{"start":{"line":119,"column":12},"end":{"line":128,"column":13}},"type":"if","locations":[{"start":{"line":119,"column":12},"end":{"line":128,"column":13}},{"start":{"line":119,"column":12},"end":{"line":128,"column":13}}],"line":119},"21":{"loc":{"start":{"line":119,"column":16},"end":{"line":119,"column":65}},"type":"binary-expr","locations":[{"start":{"line":119,"column":16},"end":{"line":119,"column":31}},{"start":{"line":119,"column":35},"end":{"line":119,"column":65}}],"line":119},"22":{"loc":{"start":{"line":122,"column":14},"end":{"line":127,"column":15}},"type":"if","locations":[{"start":{"line":122,"column":14},"end":{"line":127,"column":15}},{"start":{"line":122,"column":14},"end":{"line":127,"column":15}}],"line":122},"23":{"loc":{"start":{"line":154,"column":8},"end":{"line":156,"column":9}},"type":"if","locations":[{"start":{"line":154,"column":8},"end":{"line":156,"column":9}},{"start":{"line":154,"column":8},"end":{"line":156,"column":9}}],"line":154},"24":{"loc":{"start":{"line":161,"column":14},"end":{"line":162,"column":56}},"type":"binary-expr","locations":[{"start":{"line":161,"column":14},"end":{"line":161,"column":50}},{"start":{"line":162,"column":14},"end":{"line":162,"column":56}}],"line":161},"25":{"loc":{"start":{"line":170,"column":8},"end":{"line":172,"column":9}},"type":"if","locations":[{"start":{"line":170,"column":8},"end":{"line":172,"column":9}},{"start":{"line":170,"column":8},"end":{"line":172,"column":9}}],"line":170},"26":{"loc":{"start":{"line":176,"column":8},"end":{"line":178,"column":9}},"type":"if","locations":[{"start":{"line":176,"column":8},"end":{"line":178,"column":9}},{"start":{"line":176,"column":8},"end":{"line":178,"column":9}}],"line":176},"27":{"loc":{"start":{"line":180,"column":8},"end":{"line":182,"column":9}},"type":"if","locations":[{"start":{"line":180,"column":8},"end":{"line":182,"column":9}},{"start":{"line":180,"column":8},"end":{"line":182,"column":9}}],"line":180},"28":{"loc":{"start":{"line":197,"column":82},"end":{"line":197,"column":128}},"type":"cond-expr","locations":[{"start":{"line":197,"column":89},"end":{"line":197,"column":103}},{"start":{"line":197,"column":106},"end":{"line":197,"column":128}}],"line":197}},"s":{"0":1,"1":1,"2":38,"3":38,"4":7,"5":7,"6":31,"7":0,"8":0,"9":31,"10":2,"11":29,"12":69,"13":69,"14":11,"15":0,"16":11,"17":11,"18":3,"19":14,"20":14,"21":13,"22":10,"23":10,"24":10,"25":1,"26":9,"27":9,"28":9,"29":9,"30":9,"31":16,"32":0,"33":16,"34":16,"35":3,"36":3,"37":17,"38":17,"39":2,"40":2,"41":0,"42":2,"43":16,"44":16,"45":2,"46":2,"47":2,"48":2,"49":9,"50":14,"51":14,"52":14,"53":10,"54":2,"55":8,"56":8,"57":8,"58":20,"59":2,"60":18,"61":18,"62":10,"63":8,"64":1,"65":7,"66":7,"67":7,"68":7,"69":7},"f":{"0":38,"1":69,"2":11,"3":14,"4":10,"5":9,"6":9,"7":9,"8":16,"9":17,"10":16,"11":10,"12":8,"13":8,"14":20},"b":{"0":[7,31],"1":[7,0],"2":[0,31],"3":[0,0],"4":[2,29],"5":[27,2],"6":[29,27],"7":[69,69],"8":[0,11],"9":[3,8],"10":[13,1],"11":[14,13,13],"12":[10,0],"13":[0,16],"14":[3,13],"15":[16,3],"16":[2,15],"17":[17,16,16,16],"18":[0,2],"19":[2,2],"20":[2,14],"21":[16,16],"22":[2,0],"23":[2,8],"24":[8,8],"25":[2,18],"26":[10,8],"27":[1,7],"28":[5,2]},"_coverageSchema":"1a1c01bbd47fc00a2c39e90264f33305004495a9","hash":"e01ce4bb7fd1874c4f7082cd2e06343a182e4e6a"}
,"/Users/avigoldman/src/projects/isomorphic-actions/isomorphic-actions/build/babel/server.js": {"path":"/Users/avigoldman/src/projects/isomorphic-actions/isomorphic-actions/build/babel/server.js","statementMap":{"0":{"start":{"line":16,"column":13},"end":{"line":16,"column":40}},"1":{"start":{"line":17,"column":30},"end":{"line":17,"column":57}},"2":{"start":{"line":20,"column":21},"end":{"line":20,"column":36}},"3":{"start":{"line":21,"column":2},"end":{"line":26,"column":3}},"4":{"start":{"line":22,"column":17},"end":{"line":22,"column":37}},"5":{"start":{"line":23,"column":4},"end":{"line":25,"column":12}},"6":{"start":{"line":28,"column":2},"end":{"line":33,"column":3}},"7":{"start":{"line":29,"column":17},"end":{"line":29,"column":39}},"8":{"start":{"line":30,"column":4},"end":{"line":32,"column":12}},"9":{"start":{"line":35,"column":2},"end":{"line":37,"column":3}},"10":{"start":{"line":36,"column":4},"end":{"line":36,"column":15}},"11":{"start":{"line":39,"column":2},"end":{"line":41,"column":10}},"12":{"start":{"line":45,"column":12},"end":{"line":45,"column":51}},"13":{"start":{"line":46,"column":2},"end":{"line":46,"column":34}},"14":{"start":{"line":50,"column":2},"end":{"line":52,"column":3}},"15":{"start":{"line":51,"column":4},"end":{"line":51,"column":10}},"16":{"start":{"line":54,"column":16},"end":{"line":54,"column":30}},"17":{"start":{"line":55,"column":2},"end":{"line":57,"column":3}},"18":{"start":{"line":56,"column":4},"end":{"line":56,"column":25}},"19":{"start":{"line":61,"column":16},"end":{"line":61,"column":35}},"20":{"start":{"line":62,"column":2},"end":{"line":64,"column":3}},"21":{"start":{"line":63,"column":4},"end":{"line":63,"column":25}},"22":{"start":{"line":68,"column":16},"end":{"line":68,"column":33}},"23":{"start":{"line":69,"column":2},"end":{"line":71,"column":3}},"24":{"start":{"line":70,"column":4},"end":{"line":70,"column":25}},"25":{"start":{"line":74,"column":0},"end":{"line":267,"column":1}},"26":{"start":{"line":75,"column":26},"end":{"line":78,"column":6}},"27":{"start":{"line":80,"column":2},"end":{"line":266,"column":3}},"28":{"start":{"line":84,"column":10},"end":{"line":84,"column":27}},"29":{"start":{"line":85,"column":10},"end":{"line":85,"column":40}},"30":{"start":{"line":86,"column":10},"end":{"line":86,"column":35}},"31":{"start":{"line":87,"column":10},"end":{"line":87,"column":32}},"32":{"start":{"line":91,"column":10},"end":{"line":95,"column":12}},"33":{"start":{"line":93,"column":14},"end":{"line":93,"column":27}},"34":{"start":{"line":98,"column":10},"end":{"line":98,"column":63}},"35":{"start":{"line":99,"column":10},"end":{"line":112,"column":11}},"36":{"start":{"line":107,"column":41},"end":{"line":107,"column":104}},"37":{"start":{"line":114,"column":23},"end":{"line":114,"column":33}},"38":{"start":{"line":115,"column":22},"end":{"line":115,"column":23}},"39":{"start":{"line":118,"column":12},"end":{"line":120,"column":13}},"40":{"start":{"line":119,"column":14},"end":{"line":119,"column":20}},"41":{"start":{"line":122,"column":26},"end":{"line":122,"column":40}},"42":{"start":{"line":123,"column":12},"end":{"line":126,"column":13}},"43":{"start":{"line":124,"column":14},"end":{"line":124,"column":21}},"44":{"start":{"line":125,"column":14},"end":{"line":125,"column":27}},"45":{"start":{"line":131,"column":26},"end":{"line":131,"column":45}},"46":{"start":{"line":132,"column":12},"end":{"line":148,"column":13}},"47":{"start":{"line":138,"column":14},"end":{"line":138,"column":21}},"48":{"start":{"line":140,"column":14},"end":{"line":147,"column":15}},"49":{"start":{"line":144,"column":16},"end":{"line":144,"column":40}},"50":{"start":{"line":146,"column":16},"end":{"line":146,"column":29}},"51":{"start":{"line":152,"column":26},"end":{"line":152,"column":43}},"52":{"start":{"line":153,"column":12},"end":{"line":162,"column":13}},"53":{"start":{"line":154,"column":14},"end":{"line":154,"column":21}},"54":{"start":{"line":155,"column":14},"end":{"line":155,"column":27}},"55":{"start":{"line":156,"column":14},"end":{"line":161,"column":15}},"56":{"start":{"line":160,"column":16},"end":{"line":160,"column":40}},"57":{"start":{"line":171,"column":10},"end":{"line":184,"column":25}},"58":{"start":{"line":172,"column":13},"end":{"line":172,"column":33}},"59":{"start":{"line":173,"column":12},"end":{"line":173,"column":21}},"60":{"start":{"line":175,"column":12},"end":{"line":183,"column":14}},"61":{"start":{"line":188,"column":8},"end":{"line":190,"column":9}},"62":{"start":{"line":189,"column":10},"end":{"line":189,"column":16}},"63":{"start":{"line":192,"column":29},"end":{"line":201,"column":12}},"64":{"start":{"line":194,"column":12},"end":{"line":197,"column":13}},"65":{"start":{"line":200,"column":12},"end":{"line":200,"column":56}},"66":{"start":{"line":204,"column":8},"end":{"line":206,"column":9}},"67":{"start":{"line":205,"column":10},"end":{"line":205,"column":16}},"68":{"start":{"line":208,"column":27},"end":{"line":208,"column":36}},"69":{"start":{"line":210,"column":8},"end":{"line":212,"column":9}},"70":{"start":{"line":211,"column":10},"end":{"line":211,"column":16}},"71":{"start":{"line":214,"column":8},"end":{"line":216,"column":9}},"72":{"start":{"line":215,"column":10},"end":{"line":215,"column":16}},"73":{"start":{"line":218,"column":21},"end":{"line":218,"column":40}},"74":{"start":{"line":219,"column":25},"end":{"line":219,"column":56}},"75":{"start":{"line":220,"column":25},"end":{"line":220,"column":49}},"76":{"start":{"line":221,"column":25},"end":{"line":221,"column":44}},"77":{"start":{"line":222,"column":26},"end":{"line":222,"column":98}},"78":{"start":{"line":225,"column":8},"end":{"line":243,"column":9}},"79":{"start":{"line":245,"column":8},"end":{"line":254,"column":9}},"80":{"start":{"line":256,"column":8},"end":{"line":256,"column":35}}},"fnMap":{"0":{"name":"getIdentifier","decl":{"start":{"line":19,"column":9},"end":{"line":19,"column":22}},"loc":{"start":{"line":19,"column":29},"end":{"line":42,"column":1}},"line":19},"1":{"name":"isIdentifierReferenced","decl":{"start":{"line":44,"column":9},"end":{"line":44,"column":31}},"loc":{"start":{"line":44,"column":39},"end":{"line":47,"column":1}},"line":44},"2":{"name":"markVariable","decl":{"start":{"line":49,"column":9},"end":{"line":49,"column":21}},"loc":{"start":{"line":49,"column":35},"end":{"line":58,"column":1}},"line":49},"3":{"name":"markFunction","decl":{"start":{"line":60,"column":9},"end":{"line":60,"column":21}},"loc":{"start":{"line":60,"column":35},"end":{"line":65,"column":1}},"line":60},"4":{"name":"markImport","decl":{"start":{"line":67,"column":9},"end":{"line":67,"column":19}},"loc":{"start":{"line":67,"column":33},"end":{"line":72,"column":1}},"line":67},"5":{"name":"(anonymous_5)","decl":{"start":{"line":74,"column":17},"end":{"line":74,"column":18}},"loc":{"start":{"line":74,"column":45},"end":{"line":267,"column":1}},"line":74},"6":{"name":"(anonymous_6)","decl":{"start":{"line":83,"column":8},"end":{"line":83,"column":9}},"loc":{"start":{"line":83,"column":27},"end":{"line":88,"column":9}},"line":83},"7":{"name":"(anonymous_7)","decl":{"start":{"line":89,"column":8},"end":{"line":89,"column":9}},"loc":{"start":{"line":89,"column":26},"end":{"line":185,"column":9}},"line":89},"8":{"name":"(anonymous_8)","decl":{"start":{"line":92,"column":12},"end":{"line":92,"column":13}},"loc":{"start":{"line":92,"column":36},"end":{"line":94,"column":13}},"line":92},"9":{"name":"(anonymous_9)","decl":{"start":{"line":107,"column":27},"end":{"line":107,"column":28}},"loc":{"start":{"line":107,"column":41},"end":{"line":107,"column":104}},"line":107},"10":{"name":"sweepVariable","decl":{"start":{"line":117,"column":19},"end":{"line":117,"column":32}},"loc":{"start":{"line":117,"column":39},"end":{"line":127,"column":11}},"line":117},"11":{"name":"sweepFunction","decl":{"start":{"line":129,"column":19},"end":{"line":129,"column":32}},"loc":{"start":{"line":130,"column":18},"end":{"line":149,"column":11}},"line":130},"12":{"name":"sweepImport","decl":{"start":{"line":151,"column":19},"end":{"line":151,"column":30}},"loc":{"start":{"line":151,"column":37},"end":{"line":163,"column":11}},"line":151},"13":{"name":"(anonymous_13)","decl":{"start":{"line":187,"column":6},"end":{"line":187,"column":7}},"loc":{"start":{"line":187,"column":37},"end":{"line":202,"column":7}},"line":187},"14":{"name":"(anonymous_14)","decl":{"start":{"line":193,"column":18},"end":{"line":193,"column":19}},"loc":{"start":{"line":193,"column":33},"end":{"line":198,"column":11}},"line":193},"15":{"name":"(anonymous_15)","decl":{"start":{"line":199,"column":19},"end":{"line":199,"column":20}},"loc":{"start":{"line":199,"column":34},"end":{"line":201,"column":11}},"line":199},"16":{"name":"(anonymous_16)","decl":{"start":{"line":203,"column":6},"end":{"line":203,"column":7}},"loc":{"start":{"line":203,"column":34},"end":{"line":257,"column":7}},"line":203}},"branchMap":{"0":{"loc":{"start":{"line":21,"column":2},"end":{"line":26,"column":3}},"type":"if","locations":[{"start":{"line":21,"column":2},"end":{"line":26,"column":3}},{"start":{"line":21,"column":2},"end":{"line":26,"column":3}}],"line":21},"1":{"loc":{"start":{"line":23,"column":11},"end":{"line":25,"column":12}},"type":"cond-expr","locations":[{"start":{"line":24,"column":8},"end":{"line":24,"column":12}},{"start":{"line":25,"column":8},"end":{"line":25,"column":12}}],"line":23},"2":{"loc":{"start":{"line":28,"column":2},"end":{"line":33,"column":3}},"type":"if","locations":[{"start":{"line":28,"column":2},"end":{"line":33,"column":3}},{"start":{"line":28,"column":2},"end":{"line":33,"column":3}}],"line":28},"3":{"loc":{"start":{"line":30,"column":11},"end":{"line":32,"column":12}},"type":"cond-expr","locations":[{"start":{"line":31,"column":8},"end":{"line":31,"column":12}},{"start":{"line":32,"column":8},"end":{"line":32,"column":12}}],"line":30},"4":{"loc":{"start":{"line":35,"column":2},"end":{"line":37,"column":3}},"type":"if","locations":[{"start":{"line":35,"column":2},"end":{"line":37,"column":3}},{"start":{"line":35,"column":2},"end":{"line":37,"column":3}}],"line":35},"5":{"loc":{"start":{"line":39,"column":9},"end":{"line":41,"column":10}},"type":"cond-expr","locations":[{"start":{"line":40,"column":6},"end":{"line":40,"column":20}},{"start":{"line":41,"column":6},"end":{"line":41,"column":10}}],"line":39},"6":{"loc":{"start":{"line":39,"column":9},"end":{"line":39,"column":59}},"type":"binary-expr","locations":[{"start":{"line":39,"column":9},"end":{"line":39,"column":21}},{"start":{"line":39,"column":25},"end":{"line":39,"column":59}}],"line":39},"7":{"loc":{"start":{"line":46,"column":9},"end":{"line":46,"column":34}},"type":"binary-expr","locations":[{"start":{"line":46,"column":9},"end":{"line":46,"column":18}},{"start":{"line":46,"column":22},"end":{"line":46,"column":34}}],"line":46},"8":{"loc":{"start":{"line":50,"column":2},"end":{"line":52,"column":3}},"type":"if","locations":[{"start":{"line":50,"column":2},"end":{"line":52,"column":3}},{"start":{"line":50,"column":2},"end":{"line":52,"column":3}}],"line":50},"9":{"loc":{"start":{"line":55,"column":2},"end":{"line":57,"column":3}},"type":"if","locations":[{"start":{"line":55,"column":2},"end":{"line":57,"column":3}},{"start":{"line":55,"column":2},"end":{"line":57,"column":3}}],"line":55},"10":{"loc":{"start":{"line":62,"column":2},"end":{"line":64,"column":3}},"type":"if","locations":[{"start":{"line":62,"column":2},"end":{"line":64,"column":3}},{"start":{"line":62,"column":2},"end":{"line":64,"column":3}}],"line":62},"11":{"loc":{"start":{"line":62,"column":6},"end":{"line":62,"column":58}},"type":"binary-expr","locations":[{"start":{"line":62,"column":6},"end":{"line":62,"column":11}},{"start":{"line":62,"column":15},"end":{"line":62,"column":25}},{"start":{"line":62,"column":29},"end":{"line":62,"column":58}}],"line":62},"12":{"loc":{"start":{"line":69,"column":2},"end":{"line":71,"column":3}},"type":"if","locations":[{"start":{"line":69,"column":2},"end":{"line":71,"column":3}},{"start":{"line":69,"column":2},"end":{"line":71,"column":3}}],"line":69},"13":{"loc":{"start":{"line":118,"column":12},"end":{"line":120,"column":13}},"type":"if","locations":[{"start":{"line":118,"column":12},"end":{"line":120,"column":13}},{"start":{"line":118,"column":12},"end":{"line":120,"column":13}}],"line":118},"14":{"loc":{"start":{"line":123,"column":12},"end":{"line":126,"column":13}},"type":"if","locations":[{"start":{"line":123,"column":12},"end":{"line":126,"column":13}},{"start":{"line":123,"column":12},"end":{"line":126,"column":13}}],"line":123},"15":{"loc":{"start":{"line":123,"column":16},"end":{"line":123,"column":65}},"type":"binary-expr","locations":[{"start":{"line":123,"column":16},"end":{"line":123,"column":31}},{"start":{"line":123,"column":35},"end":{"line":123,"column":65}}],"line":123},"16":{"loc":{"start":{"line":132,"column":12},"end":{"line":148,"column":13}},"type":"if","locations":[{"start":{"line":132,"column":12},"end":{"line":148,"column":13}},{"start":{"line":132,"column":12},"end":{"line":148,"column":13}}],"line":132},"17":{"loc":{"start":{"line":133,"column":14},"end":{"line":136,"column":44}},"type":"binary-expr","locations":[{"start":{"line":133,"column":14},"end":{"line":133,"column":19}},{"start":{"line":134,"column":14},"end":{"line":134,"column":24}},{"start":{"line":135,"column":14},"end":{"line":135,"column":29}},{"start":{"line":136,"column":14},"end":{"line":136,"column":44}}],"line":133},"18":{"loc":{"start":{"line":140,"column":14},"end":{"line":147,"column":15}},"type":"if","locations":[{"start":{"line":140,"column":14},"end":{"line":147,"column":15}},{"start":{"line":140,"column":14},"end":{"line":147,"column":15}}],"line":140},"19":{"loc":{"start":{"line":141,"column":16},"end":{"line":142,"column":55}},"type":"binary-expr","locations":[{"start":{"line":141,"column":16},"end":{"line":141,"column":57}},{"start":{"line":142,"column":16},"end":{"line":142,"column":55}}],"line":141},"20":{"loc":{"start":{"line":153,"column":12},"end":{"line":162,"column":13}},"type":"if","locations":[{"start":{"line":153,"column":12},"end":{"line":162,"column":13}},{"start":{"line":153,"column":12},"end":{"line":162,"column":13}}],"line":153},"21":{"loc":{"start":{"line":153,"column":16},"end":{"line":153,"column":65}},"type":"binary-expr","locations":[{"start":{"line":153,"column":16},"end":{"line":153,"column":31}},{"start":{"line":153,"column":35},"end":{"line":153,"column":65}}],"line":153},"22":{"loc":{"start":{"line":156,"column":14},"end":{"line":161,"column":15}},"type":"if","locations":[{"start":{"line":156,"column":14},"end":{"line":161,"column":15}},{"start":{"line":156,"column":14},"end":{"line":161,"column":15}}],"line":156},"23":{"loc":{"start":{"line":188,"column":8},"end":{"line":190,"column":9}},"type":"if","locations":[{"start":{"line":188,"column":8},"end":{"line":190,"column":9}},{"start":{"line":188,"column":8},"end":{"line":190,"column":9}}],"line":188},"24":{"loc":{"start":{"line":195,"column":14},"end":{"line":196,"column":56}},"type":"binary-expr","locations":[{"start":{"line":195,"column":14},"end":{"line":195,"column":50}},{"start":{"line":196,"column":14},"end":{"line":196,"column":56}}],"line":195},"25":{"loc":{"start":{"line":204,"column":8},"end":{"line":206,"column":9}},"type":"if","locations":[{"start":{"line":204,"column":8},"end":{"line":206,"column":9}},{"start":{"line":204,"column":8},"end":{"line":206,"column":9}}],"line":204},"26":{"loc":{"start":{"line":210,"column":8},"end":{"line":212,"column":9}},"type":"if","locations":[{"start":{"line":210,"column":8},"end":{"line":212,"column":9}},{"start":{"line":210,"column":8},"end":{"line":212,"column":9}}],"line":210},"27":{"loc":{"start":{"line":214,"column":8},"end":{"line":216,"column":9}},"type":"if","locations":[{"start":{"line":214,"column":8},"end":{"line":216,"column":9}},{"start":{"line":214,"column":8},"end":{"line":216,"column":9}}],"line":214},"28":{"loc":{"start":{"line":222,"column":26},"end":{"line":222,"column":98}},"type":"cond-expr","locations":[{"start":{"line":222,"column":60},"end":{"line":222,"column":80}},{"start":{"line":222,"column":83},"end":{"line":222,"column":98}}],"line":222},"29":{"loc":{"start":{"line":232,"column":82},"end":{"line":232,"column":128}},"type":"cond-expr","locations":[{"start":{"line":232,"column":89},"end":{"line":232,"column":103}},{"start":{"line":232,"column":106},"end":{"line":232,"column":128}}],"line":232}},"s":{"0":1,"1":1,"2":47,"3":47,"4":8,"5":8,"6":39,"7":0,"8":0,"9":39,"10":23,"11":16,"12":85,"13":85,"14":18,"15":0,"16":18,"17":18,"18":12,"19":22,"20":22,"21":14,"22":30,"23":30,"24":28,"25":1,"26":10,"27":10,"28":10,"29":10,"30":10,"31":10,"32":10,"33":10,"34":10,"35":10,"36":8,"37":10,"38":10,"39":30,"40":0,"41":30,"42":30,"43":4,"44":4,"45":17,"46":17,"47":2,"48":2,"49":0,"50":2,"51":51,"52":51,"53":3,"54":3,"55":3,"56":3,"57":10,"58":17,"59":17,"60":17,"61":30,"62":22,"63":8,"64":8,"65":8,"66":44,"67":4,"68":40,"69":40,"70":32,"71":8,"72":0,"73":8,"74":8,"75":8,"76":8,"77":8,"78":8,"79":8,"80":8},"f":{"0":47,"1":85,"2":18,"3":22,"4":30,"5":10,"6":10,"7":10,"8":10,"9":8,"10":30,"11":17,"12":51,"13":30,"14":8,"15":8,"16":44},"b":{"0":[8,39],"1":[8,0],"2":[0,39],"3":[0,0],"4":[23,16],"5":[14,2],"6":[16,14],"7":[85,85],"8":[0,18],"9":[12,6],"10":[14,8],"11":[22,14,14],"12":[28,2],"13":[0,30],"14":[4,26],"15":[30,4],"16":[2,15],"17":[17,2,2,2],"18":[0,2],"19":[2,2],"20":[3,48],"21":[51,17],"22":[3,0],"23":[22,8],"24":[8,8],"25":[4,40],"26":[32,8],"27":[0,8],"28":[8,0],"29":[6,2]},"_coverageSchema":"1a1c01bbd47fc00a2c39e90264f33305004495a9","hash":"43bd920998a26efb9a54c81f9f09ba2a09b37c03"}
,"/Users/avigoldman/src/projects/isomorphic-actions/isomorphic-actions/utils/hash.js": {"path":"/Users/avigoldman/src/projects/isomorphic-actions/isomorphic-actions/utils/hash.js","statementMap":{"0":{"start":{"line":1,"column":10},"end":{"line":1,"column":31}},"1":{"start":{"line":4,"column":0},"end":{"line":4,"column":34}},"2":{"start":{"line":4,"column":24},"end":{"line":4,"column":34}}},"fnMap":{"0":{"name":"(anonymous_0)","decl":{"start":{"line":4,"column":17},"end":{"line":4,"column":18}},"loc":{"start":{"line":4,"column":24},"end":{"line":4,"column":34}},"line":4}},"branchMap":{},"s":{"0":2,"1":2,"2":30},"f":{"0":30},"b":{},"_coverageSchema":"1a1c01bbd47fc00a2c39e90264f33305004495a9","hash":"dd73b575c24a4ab4515b34ed5d0741faf330e781"}
}
