TN:
SF:build/babel/client.js
FN:16,getIdentifier
FN:41,isIdentifierReferenced
FN:46,markVariable
FN:57,markFunction
FN:64,markImport
FN:71,(anonymous_5)
FN:75,(anonymous_6)
FN:79,(anonymous_7)
FN:83,sweepVariable
FN:95,sweepFunction
FN:117,sweepImport
FN:153,(anonymous_11)
FN:159,(anonymous_12)
FN:165,(anonymous_13)
FN:169,(anonymous_14)
FNF:15
FNH:15
FNDA:38,getIdentifier
FNDA:69,isIdentifierReferenced
FNDA:11,markVariable
FNDA:14,markFunction
FNDA:10,markImport
FNDA:9,(anonymous_5)
FNDA:9,(anonymous_6)
FNDA:9,(anonymous_7)
FNDA:16,sweepVariable
FNDA:17,sweepFunction
FNDA:16,sweepImport
FNDA:10,(anonymous_11)
FNDA:8,(anonymous_12)
FNDA:8,(anonymous_13)
FNDA:20,(anonymous_14)
DA:13,1
DA:14,1
DA:17,38
DA:18,38
DA:19,7
DA:20,7
DA:25,31
DA:26,0
DA:27,0
DA:32,31
DA:33,2
DA:36,29
DA:42,69
DA:43,69
DA:47,11
DA:48,0
DA:51,11
DA:52,11
DA:53,3
DA:58,14
DA:59,14
DA:60,13
DA:65,10
DA:66,10
DA:67,10
DA:71,1
DA:72,9
DA:76,9
DA:77,9
DA:80,9
DA:81,9
DA:84,16
DA:85,0
DA:88,16
DA:89,16
DA:90,3
DA:91,3
DA:97,17
DA:98,17
DA:104,2
DA:106,2
DA:110,0
DA:112,2
DA:118,16
DA:119,16
DA:120,2
DA:121,2
DA:122,2
DA:126,2
DA:137,9
DA:138,14
DA:139,14
DA:141,14
DA:154,10
DA:155,2
DA:158,8
DA:160,8
DA:166,8
DA:170,20
DA:171,2
DA:174,18
DA:176,18
DA:177,10
DA:180,8
DA:181,1
DA:184,7
DA:185,7
DA:186,7
DA:187,7
DA:190,7
LF:70
LH:65
BRDA:18,0,0,7
BRDA:18,0,1,31
BRDA:20,1,0,7
BRDA:20,1,1,0
BRDA:25,2,0,0
BRDA:25,2,1,31
BRDA:27,3,0,0
BRDA:27,3,1,0
BRDA:32,4,0,2
BRDA:32,4,1,29
BRDA:36,5,0,27
BRDA:36,5,1,2
BRDA:36,6,0,29
BRDA:36,6,1,27
BRDA:43,7,0,69
BRDA:43,7,1,69
BRDA:47,8,0,0
BRDA:47,8,1,11
BRDA:52,9,0,3
BRDA:52,9,1,8
BRDA:59,10,0,13
BRDA:59,10,1,1
BRDA:59,11,0,14
BRDA:59,11,1,13
BRDA:59,11,2,13
BRDA:66,12,0,10
BRDA:66,12,1,0
BRDA:84,13,0,0
BRDA:84,13,1,16
BRDA:89,14,0,3
BRDA:89,14,1,13
BRDA:89,15,0,16
BRDA:89,15,1,3
BRDA:98,16,0,2
BRDA:98,16,1,15
BRDA:99,17,0,17
BRDA:99,17,1,16
BRDA:99,17,2,16
BRDA:99,17,3,16
BRDA:106,18,0,0
BRDA:106,18,1,2
BRDA:107,19,0,2
BRDA:107,19,1,2
BRDA:119,20,0,2
BRDA:119,20,1,14
BRDA:119,21,0,16
BRDA:119,21,1,16
BRDA:122,22,0,2
BRDA:122,22,1,0
BRDA:154,23,0,2
BRDA:154,23,1,8
BRDA:161,24,0,8
BRDA:161,24,1,8
BRDA:170,25,0,2
BRDA:170,25,1,18
BRDA:176,26,0,10
BRDA:176,26,1,8
BRDA:180,27,0,1
BRDA:180,27,1,7
BRDA:197,28,0,5
BRDA:197,28,1,2
BRF:61
BRH:52
end_of_record
TN:
SF:build/babel/server.js
FN:19,getIdentifier
FN:44,isIdentifierReferenced
FN:49,markVariable
FN:60,markFunction
FN:67,markImport
FN:74,(anonymous_5)
FN:83,(anonymous_6)
FN:89,(anonymous_7)
FN:92,(anonymous_8)
FN:107,(anonymous_9)
FN:117,sweepVariable
FN:129,sweepFunction
FN:151,sweepImport
FN:187,(anonymous_13)
FN:193,(anonymous_14)
FN:199,(anonymous_15)
FN:203,(anonymous_16)
FNF:17
FNH:17
FNDA:47,getIdentifier
FNDA:85,isIdentifierReferenced
FNDA:18,markVariable
FNDA:22,markFunction
FNDA:30,markImport
FNDA:10,(anonymous_5)
FNDA:10,(anonymous_6)
FNDA:10,(anonymous_7)
FNDA:10,(anonymous_8)
FNDA:8,(anonymous_9)
FNDA:30,sweepVariable
FNDA:17,sweepFunction
FNDA:51,sweepImport
FNDA:30,(anonymous_13)
FNDA:8,(anonymous_14)
FNDA:8,(anonymous_15)
FNDA:44,(anonymous_16)
DA:16,1
DA:17,1
DA:20,47
DA:21,47
DA:22,8
DA:23,8
DA:28,39
DA:29,0
DA:30,0
DA:35,39
DA:36,23
DA:39,16
DA:45,85
DA:46,85
DA:50,18
DA:51,0
DA:54,18
DA:55,18
DA:56,12
DA:61,22
DA:62,22
DA:63,14
DA:68,30
DA:69,30
DA:70,28
DA:74,1
DA:75,10
DA:80,10
DA:84,10
DA:85,10
DA:86,10
DA:87,10
DA:91,10
DA:93,10
DA:98,10
DA:99,10
DA:107,8
DA:114,10
DA:115,10
DA:118,30
DA:119,0
DA:122,30
DA:123,30
DA:124,4
DA:125,4
DA:131,17
DA:132,17
DA:138,2
DA:140,2
DA:144,0
DA:146,2
DA:152,51
DA:153,51
DA:154,3
DA:155,3
DA:156,3
DA:160,3
DA:171,10
DA:172,17
DA:173,17
DA:175,17
DA:188,30
DA:189,22
DA:192,8
DA:194,8
DA:200,8
DA:204,44
DA:205,4
DA:208,40
DA:210,40
DA:211,32
DA:214,8
DA:215,0
DA:218,8
DA:219,8
DA:220,8
DA:221,8
DA:222,8
DA:225,8
DA:245,8
DA:256,8
LF:81
LH:75
BRDA:21,0,0,8
BRDA:21,0,1,39
BRDA:23,1,0,8
BRDA:23,1,1,0
BRDA:28,2,0,0
BRDA:28,2,1,39
BRDA:30,3,0,0
BRDA:30,3,1,0
BRDA:35,4,0,23
BRDA:35,4,1,16
BRDA:39,5,0,14
BRDA:39,5,1,2
BRDA:39,6,0,16
BRDA:39,6,1,14
BRDA:46,7,0,85
BRDA:46,7,1,85
BRDA:50,8,0,0
BRDA:50,8,1,18
BRDA:55,9,0,12
BRDA:55,9,1,6
BRDA:62,10,0,14
BRDA:62,10,1,8
BRDA:62,11,0,22
BRDA:62,11,1,14
BRDA:62,11,2,14
BRDA:69,12,0,28
BRDA:69,12,1,2
BRDA:118,13,0,0
BRDA:118,13,1,30
BRDA:123,14,0,4
BRDA:123,14,1,26
BRDA:123,15,0,30
BRDA:123,15,1,4
BRDA:132,16,0,2
BRDA:132,16,1,15
BRDA:133,17,0,17
BRDA:133,17,1,2
BRDA:133,17,2,2
BRDA:133,17,3,2
BRDA:140,18,0,0
BRDA:140,18,1,2
BRDA:141,19,0,2
BRDA:141,19,1,2
BRDA:153,20,0,3
BRDA:153,20,1,48
BRDA:153,21,0,51
BRDA:153,21,1,17
BRDA:156,22,0,3
BRDA:156,22,1,0
BRDA:188,23,0,22
BRDA:188,23,1,8
BRDA:195,24,0,8
BRDA:195,24,1,8
BRDA:204,25,0,4
BRDA:204,25,1,40
BRDA:210,26,0,32
BRDA:210,26,1,8
BRDA:214,27,0,0
BRDA:214,27,1,8
BRDA:222,28,0,8
BRDA:222,28,1,0
BRDA:232,29,0,6
BRDA:232,29,1,2
BRF:63
BRH:53
end_of_record
TN:
SF:utils/hash.js
FN:4,(anonymous_0)
FNF:1
FNH:1
FNDA:30,(anonymous_0)
DA:1,2
DA:4,30
LF:2
LH:2
BRF:0
BRH:0
end_of_record
